<?xml version="1.0" encoding="UTF-8"?>
<coverage generated="1734183063795" clover="3.2.0">
  <project timestamp="1734183063795" name="All files">
    <metrics statements="55" coveredstatements="53" conditionals="18" coveredconditionals="16" methods="18" coveredmethods="18" elements="91" coveredelements="87" complexity="0" loc="55" ncloc="55" packages="1" files="5" classes="5"/>
    <file name="Alphabet.js" path="C:\Users\sabri\Mappar\Computer Science\testing\TDD_part2\src\components\Alphabet.js">
      <metrics statements="8" coveredstatements="8" conditionals="2" coveredconditionals="2" methods="3" coveredmethods="3"/>
      <line num="8" count="3" type="stmt"/>
      <line num="11" count="1" type="stmt"/>
      <line num="15" count="2" type="stmt"/>
      <line num="23" count="2" type="stmt"/>
      <line num="24" count="50" type="cond" truecount="2" falsecount="0"/>
      <line num="25" count="2" type="stmt"/>
      <line num="29" count="2" type="stmt"/>
      <line num="35" count="2" type="stmt"/>
    </file>
    <file name="CustomWordList.js" path="C:\Users\sabri\Mappar\Computer Science\testing\TDD_part2\src\components\CustomWordList.js">
      <metrics statements="17" coveredstatements="17" conditionals="6" coveredconditionals="6" methods="4" coveredmethods="4"/>
      <line num="9" count="9" type="stmt"/>
      <line num="16" count="9" type="stmt"/>
      <line num="18" count="9" type="cond" truecount="2" falsecount="0"/>
      <line num="19" count="1" type="stmt"/>
      <line num="22" count="8" type="cond" truecount="2" falsecount="0"/>
      <line num="23" count="1" type="stmt"/>
      <line num="26" count="7" type="cond" truecount="2" falsecount="0"/>
      <line num="27" count="1" type="stmt"/>
      <line num="30" count="6" type="stmt"/>
      <line num="34" count="1" type="stmt"/>
      <line num="42" count="1" type="stmt"/>
      <line num="43" count="1" type="stmt"/>
      <line num="44" count="1" type="stmt"/>
      <line num="48" count="1" type="stmt"/>
      <line num="56" count="1" type="stmt"/>
      <line num="57" count="39" type="stmt"/>
      <line num="58" count="1" type="stmt"/>
    </file>
    <file name="HangmanOrchestrator.js" path="C:\Users\sabri\Mappar\Computer Science\testing\TDD_part2\src\components\HangmanOrchestrator.js">
      <metrics statements="17" coveredstatements="16" conditionals="4" coveredconditionals="3" methods="6" coveredmethods="6"/>
      <line num="15" count="7" type="stmt"/>
      <line num="18" count="7" type="stmt"/>
      <line num="19" count="7" type="stmt"/>
      <line num="23" count="7" type="stmt"/>
      <line num="27" count="7" type="cond" truecount="2" falsecount="0"/>
      <line num="28" count="6" type="stmt"/>
      <line num="30" count="7" type="stmt"/>
      <line num="34" count="1" type="stmt"/>
      <line num="38" count="1" type="stmt"/>
      <line num="42" count="1" type="cond" truecount="1" falsecount="1"/>
      <line num="43" count="1" type="stmt"/>
      <line num="44" count="1" type="stmt"/>
      <line num="46" count="0" type="stmt"/>
      <line num="51" count="1" type="stmt"/>
      <line num="52" count="1" type="stmt"/>
      <line num="54" count="1" type="stmt"/>
      <line num="58" count="1" type="stmt"/>
    </file>
    <file name="WordGuesser.js" path="C:\Users\sabri\Mappar\Computer Science\testing\TDD_part2\src\components\WordGuesser.js">
      <metrics statements="1" coveredstatements="1" conditionals="0" coveredconditionals="0" methods="1" coveredmethods="1"/>
      <line num="9" count="3" type="stmt"/>
    </file>
    <file name="WordList.js" path="C:\Users\sabri\Mappar\Computer Science\testing\TDD_part2\src\components\WordList.js">
      <metrics statements="12" coveredstatements="11" conditionals="6" coveredconditionals="5" methods="4" coveredmethods="4"/>
      <line num="8" count="25" type="stmt"/>
      <line num="11" count="18" type="cond" truecount="2" falsecount="0"/>
      <line num="12" count="1" type="stmt"/>
      <line num="15" count="17" type="cond" truecount="2" falsecount="0"/>
      <line num="16" count="3" type="stmt"/>
      <line num="19" count="14" type="stmt"/>
      <line num="23" count="9" type="cond" truecount="1" falsecount="1"/>
      <line num="24" count="0" type="stmt"/>
      <line num="27" count="9" type="stmt"/>
      <line num="31" count="1" type="stmt"/>
      <line num="35" count="104" type="stmt"/>
      <line num="37" count="104" type="stmt"/>
    </file>
  </project>
</coverage>
