TN:
SF:src\components\CustomWordList.js
FN:15,(anonymous_0)
FN:37,(anonymous_1)
FN:47,(anonymous_2)
FN:49,(anonymous_3)
FN:57,(anonymous_4)
FNF:5
FNH:5
FNDA:10,(anonymous_0)
FNDA:1,(anonymous_1)
FNDA:1,(anonymous_2)
FNDA:40,(anonymous_3)
FNDA:1,(anonymous_4)
DA:9,10
DA:16,10
DA:18,10
DA:19,1
DA:22,9
DA:23,1
DA:26,8
DA:27,1
DA:30,7
DA:38,1
DA:39,1
DA:40,1
DA:48,1
DA:49,40
DA:50,1
DA:58,1
DA:60,1
LF:17
LH:17
BRDA:18,0,0,1
BRDA:18,0,1,9
BRDA:22,1,0,1
BRDA:22,1,1,8
BRDA:26,2,0,1
BRDA:26,2,1,7
BRF:6
BRH:6
end_of_record
TN:
SF:src\components\HangmanOrchestrator.js
FN:17,(anonymous_0)
FN:22,(anonymous_1)
FN:29,(anonymous_2)
FN:33,(anonymous_3)
FN:42,(anonymous_4)
FN:49,(anonymous_5)
FNF:6
FNH:6
FNDA:7,(anonymous_0)
FNDA:7,(anonymous_1)
FNDA:1,(anonymous_2)
FNDA:1,(anonymous_3)
FNDA:1,(anonymous_4)
FNDA:1,(anonymous_5)
DA:15,7
DA:18,7
DA:19,7
DA:23,7
DA:24,6
DA:26,7
DA:30,1
DA:34,1
DA:35,1
DA:36,1
DA:38,0
DA:43,1
DA:44,1
DA:46,1
DA:50,1
LF:15
LH:14
BRDA:23,0,0,6
BRDA:23,0,1,1
BRDA:34,1,0,1
BRDA:34,1,1,0
BRF:4
BRH:3
end_of_record
TN:
SF:src\components\WordGuesser.js
FN:8,(anonymous_0)
FNF:1
FNH:1
FNDA:3,(anonymous_0)
DA:9,3
LF:1
LH:1
BRF:0
BRH:0
end_of_record
TN:
SF:src\components\WordList.js
FN:10,(anonymous_0)
FN:22,(anonymous_1)
FN:30,(anonymous_2)
FN:34,(anonymous_3)
FNF:4
FNH:4
FNDA:19,(anonymous_0)
FNDA:9,(anonymous_1)
FNDA:1,(anonymous_2)
FNDA:104,(anonymous_3)
DA:8,26
DA:11,19
DA:12,1
DA:15,18
DA:16,3
DA:19,15
DA:23,9
DA:24,0
DA:27,9
DA:31,1
DA:35,104
DA:37,104
LF:12
LH:11
BRDA:11,0,0,1
BRDA:11,0,1,18
BRDA:15,1,0,3
BRDA:15,1,1,15
BRDA:23,2,0,0
BRDA:23,2,1,9
BRF:6
BRH:5
end_of_record
