TN:
SF:src/components/CustomWordList.js
FN:15,(anonymous_0)
FN:37,(anonymous_1)
FN:47,(anonymous_2)
FN:49,(anonymous_3)
FNF:4
FNH:4
FNDA:8,(anonymous_0)
FNDA:1,(anonymous_1)
FNDA:1,(anonymous_2)
FNDA:40,(anonymous_3)
DA:9,8
DA:16,8
DA:18,8
DA:19,1
DA:22,7
DA:23,1
DA:26,6
DA:27,1
DA:30,5
DA:38,1
DA:39,1
DA:40,1
DA:48,1
DA:49,40
DA:50,1
LF:15
LH:15
BRDA:18,0,0,1
BRDA:18,0,1,7
BRDA:22,1,0,1
BRDA:22,1,1,6
BRDA:26,2,0,1
BRDA:26,2,1,5
BRF:6
BRH:6
end_of_record
TN:
SF:src/components/HangmanOrchestrator.js
FN:17,(anonymous_0)
FN:22,(anonymous_1)
FN:29,(anonymous_2)
FN:33,(anonymous_3)
FN:41,(anonymous_4)
FN:48,(anonymous_5)
FNF:6
FNH:6
FNDA:7,(anonymous_0)
FNDA:4,(anonymous_1)
FNDA:1,(anonymous_2)
FNDA:1,(anonymous_3)
FNDA:1,(anonymous_4)
FNDA:1,(anonymous_5)
DA:15,7
DA:18,7
DA:19,7
DA:23,4
DA:24,3
DA:26,4
DA:30,1
DA:34,1
DA:35,1
DA:37,0
DA:42,1
DA:43,1
DA:45,1
DA:49,1
LF:14
LH:13
BRDA:23,0,0,3
BRDA:23,0,1,1
BRDA:34,1,0,1
BRDA:34,1,1,0
BRF:4
BRH:3
end_of_record
TN:
SF:src/components/WordGuesser.js
FN:8,(anonymous_0)
FNF:1
FNH:1
FNDA:3,(anonymous_0)
DA:9,3
LF:1
LH:1
BRF:0
BRH:0
end_of_record
TN:
SF:src/components/WordList.js
FN:10,(anonymous_0)
FN:22,(anonymous_1)
FN:30,(anonymous_2)
FN:34,(anonymous_3)
FNF:4
FNH:4
FNDA:17,(anonymous_0)
FNDA:9,(anonymous_1)
FNDA:1,(anonymous_2)
FNDA:104,(anonymous_3)
DA:8,24
DA:11,17
DA:12,1
DA:15,16
DA:16,3
DA:19,13
DA:23,9
DA:24,0
DA:27,9
DA:31,1
DA:35,104
DA:37,104
LF:12
LH:11
BRDA:11,0,0,1
BRDA:11,0,1,16
BRDA:15,1,0,3
BRDA:15,1,1,13
BRDA:23,2,0,0
BRDA:23,2,1,9
BRF:6
BRH:5
end_of_record
